# JRE version: Java(TM) SE Runtime Environment (18.0.1.1+2) (build 18.0.1.1+2-6)
# Java VM: Java HotSpot(TM) 64-Bit Server VM (18.0.1.1+2-6, mixed mode, sharing, tiered, compressed class ptrs, g1 gc, windows-amd64)
GC Precious Log:
 CardTable entry size: 512
 Card Set container configuration: InlinePtr #cards 3 size 8 Array Of Cards #cards 256 size 528 Howl #buckets 8 coarsen threshold 58982 Howl Bitmap #cards 8192 size 1040 coarsen threshold 7372 Card regions per heap region 1 cards per card region 65536
 CPUs: 8 total, 8 available
 Memory: 8072M
 Large Page Support: Disabled
 NUMA Support: Disabled
 Compressed Oops: Disabled
 Heap Region Size: 32M
 Heap Min Capacity: 32M
 Heap Initial Capacity: 128M
 Heap Max Capacity: 50G
 Pre-touch: Disabled
 Parallel Workers: 8
 Concurrent Workers: 2
 Concurrent Refinement Workers: 8
 Periodic GC: Disabled
Heap:
 garbage-first heap   total 1802240K, used 214110K [0x0000021b7c000000, 0x00000227fc000000)
  region size 32768K, 1 young (32768K), 1 survivors (32768K)
 Metaspace       used 103290K, committed 104192K, reserved 1179648K
  class space    used 13732K, committed 14144K, reserved 1048576K
GC Heap History (20 events):
Event: 8329.038 GC heap after
{Heap after GC invocations=10271 (full 4):
 garbage-first heap   total 1212416K, used 214097K [0x0000021b7c000000, 0x00000227fc000000)
  region size 32768K, 1 young (32768K), 1 survivors (32768K)
 Metaspace       used 103290K, committed 104192K, reserved 1179648K
  class space    used 13732K, committed 14144K, reserved 1048576K
}
Event: 8330.650 GC heap before
{Heap before GC invocations=10271 (full 4):
 garbage-first heap   total 1212416K, used 836689K [0x0000021b7c000000, 0x00000227fc000000)
  region size 32768K, 20 young (655360K), 1 survivors (32768K)
 Metaspace       used 103290K, committed 104192K, reserved 1179648K
  class space    used 13732K, committed 14144K, reserved 1048576K
}
Event: 8330.682 GC heap after
{Heap after GC invocations=10272 (full 4):
 garbage-first heap   total 1212416K, used 214099K [0x0000021b7c000000, 0x00000227fc000000)
  region size 32768K, 1 young (32768K), 1 survivors (32768K)
 Metaspace       used 103290K, committed 104192K, reserved 1179648K
  class space    used 13732K, committed 14144K, reserved 1048576K
}
Event: 8332.338 GC heap before
{Heap before GC invocations=10272 (full 4):
 garbage-first heap   total 1212416K, used 836691K [0x0000021b7c000000, 0x00000227fc000000)
  region size 32768K, 20 young (655360K), 1 survivors (32768K)
 Metaspace       used 103290K, committed 104192K, reserved 1179648K
  class space    used 13732K, committed 14144K, reserved 1048576K
}
Event: 8332.422 GC heap after
{Heap after GC invocations=10273 (full 4):
 garbage-first heap   total 1212416K, used 214099K [0x0000021b7c000000, 0x00000227fc000000)
  region size 32768K, 1 young (32768K), 1 survivors (32768K)
 Metaspace       used 103290K, committed 104192K, reserved 1179648K
  class space    used 13732K, committed 14144K, reserved 1048576K
}
Event: 8334.060 GC heap before
{Heap before GC invocations=10273 (full 4):
 garbage-first heap   total 1212416K, used 836691K [0x0000021b7c000000, 0x00000227fc000000)
  region size 32768K, 20 young (655360K), 1 survivors (32768K)
 Metaspace       used 103290K, committed 104192K, reserved 1179648K
  class space    used 13732K, committed 14144K, reserved 1048576K
}
Event: 8334.076 GC heap after
{Heap after GC invocations=10274 (full 4):
 garbage-first heap   total 1212416K, used 214101K [0x0000021b7c000000, 0x00000227fc000000)
  region size 32768K, 1 young (32768K), 1 survivors (32768K)
 Metaspace       used 103290K, committed 104192K, reserved 1179648K
  class space    used 13732K, committed 14144K, reserved 1048576K
}
Event: 8335.521 GC heap before
{Heap before GC invocations=10274 (full 4):
 garbage-first heap   total 1212416K, used 836693K [0x0000021b7c000000, 0x00000227fc000000)
  region size 32768K, 20 young (655360K), 1 survivors (32768K)
 Metaspace       used 103290K, committed 104192K, reserved 1179648K
  class space    used 13732K, committed 14144K, reserved 1048576K
}
Event: 8335.568 GC heap after
{Heap after GC invocations=10275 (full 4):
 garbage-first heap   total 1212416K, used 214102K [0x0000021b7c000000, 0x00000227fc000000)
  region size 32768K, 1 young (32768K), 1 survivors (32768K)
 Metaspace       used 103290K, committed 104192K, reserved 1179648K
  class space    used 13732K, committed 14144K, reserved 1048576K
}
Event: 8337.487 GC heap before
{Heap before GC invocations=10275 (full 4):
 garbage-first heap   total 1212416K, used 836694K [0x0000021b7c000000, 0x00000227fc000000)
  region size 32768K, 20 young (655360K), 1 survivors (32768K)
 Metaspace       used 103290K, committed 104192K, reserved 1179648K
  class space    used 13732K, committed 14144K, reserved 1048576K
}
Event: 8337.725 GC heap after
{Heap after GC invocations=10276 (full 4):
 garbage-first heap   total 1212416K, used 214112K [0x0000021b7c000000, 0x00000227fc000000)
  region size 32768K, 1 young (32768K), 1 survivors (32768K)
 Metaspace       used 103290K, committed 104192K, reserved 1179648K
  class space    used 13732K, committed 14144K, reserved 1048576K
}
Event: 8340.064 GC heap before
{Heap before GC invocations=10276 (full 4):
 garbage-first heap   total 1212416K, used 836704K [0x0000021b7c000000, 0x00000227fc000000)
  region size 32768K, 20 young (655360K), 1 survivors (32768K)
 Metaspace       used 103290K, committed 104192K, reserved 1179648K
  class space    used 13732K, committed 14144K, reserved 1048576K
}
Event: 8340.105 GC heap after
{Heap after GC invocations=10277 (full 4):
 garbage-first heap   total 1802240K, used 214108K [0x0000021b7c000000, 0x00000227fc000000)
  region size 32768K, 1 young (32768K), 1 survivors (32768K)
 Metaspace       used 103290K, committed 104192K, reserved 1179648K
  class space    used 13732K, committed 14144K, reserved 1048576K
}
Event: 8345.346 GC heap before
{Heap before GC invocations=10277 (full 4):
 garbage-first heap   total 1802240K, used 1262684K [0x0000021b7c000000, 0x00000227fc000000)
  region size 32768K, 33 young (1081344K), 1 survivors (32768K)
 Metaspace       used 103290K, committed 104192K, reserved 1179648K
  class space    used 13732K, committed 14144K, reserved 1048576K
}
Event: 8345.409 GC heap after
{Heap after GC invocations=10278 (full 4):
 garbage-first heap   total 1802240K, used 214110K [0x0000021b7c000000, 0x00000227fc000000)
  region size 32768K, 1 young (32768K), 1 survivors (32768K)
 Metaspace       used 103290K, committed 104192K, reserved 1179648K
  class space    used 13732K, committed 14144K, reserved 1048576K
}
Event: 8357.991 GC heap before
{Heap before GC invocations=10278 (full 4):
 garbage-first heap   total 1802240K, used 1262686K [0x0000021b7c000000, 0x00000227fc000000)
  region size 32768K, 33 young (1081344K), 1 survivors (32768K)
 Metaspace       used 103290K, committed 104192K, reserved 1179648K
  class space    used 13732K, committed 14144K, reserved 1048576K
}
Event: 8362.547 GC heap after
{Heap after GC invocations=10279 (full 4):
 garbage-first heap   total 1802240K, used 214112K [0x0000021b7c000000, 0x00000227fc000000)
  region size 32768K, 1 young (32768K), 1 survivors (32768K)
 Metaspace       used 103290K, committed 104192K, reserved 1179648K
  class space    used 13732K, committed 14144K, reserved 1048576K
}
Event: 8362.666 GC heap before
{Heap before GC invocations=10279 (full 4):
 garbage-first heap   total 1802240K, used 246880K [0x0000021b7c000000, 0x00000227fc000000)
  region size 32768K, 2 young (65536K), 1 survivors (32768K)
 Metaspace       used 103290K, committed 104192K, reserved 1179648K
  class space    used 13732K, committed 14144K, reserved 1048576K
}
Event: 8362.732 GC heap after
{Heap after GC invocations=10280 (full 4):
 garbage-first heap   total 1802240K, used 214115K [0x0000021b7c000000, 0x00000227fc000000)
  region size 32768K, 1 young (32768K), 1 survivors (32768K)
 Metaspace       used 103290K, committed 104192K, reserved 1179648K
  class space    used 13732K, committed 14144K, reserved 1048576K
}
Event: 8362.890 GC heap before
{Heap before GC invocations=10280 (full 4):
 garbage-first heap   total 1802240K, used 246883K [0x0000021b7c000000, 0x00000227fc000000)
  region size 32768K, 2 young (65536K), 1 survivors (32768K)
 Metaspace       used 103290K, committed 104192K, reserved 1179648K
  class space    used 13732K, committed 14144K, reserved 1048576K
}

